<?xml version="1.0" encoding="UTF-8"?>
<!-- Generated by org.testng.reporters.JUnitReportReporter -->
<testsuite skipped="0" hostname="DESKTOP-R5U0RRK" name="com.sauce.testCases.SauceProductTest" tests="1" failures="0" timestamp="21 Feb 2023 01:55:56 GMT" time="3.228" errors="0">
  <testcase name="login" time="3.228" classname="com.sauce.testCases.SauceProductTest"/>
</testsuite> <!-- com.sauce.testCases.SauceProductTest -->
