<?xml version="1.0" encoding="UTF-8"?>
<!-- Generated by org.testng.reporters.JUnitReportReporter -->
<testsuite skipped="0" hostname="DESKTOP-R5U0RRK" name="com.sauce.testCases.SauceCompleteTest" tests="1" failures="0" timestamp="22 Feb 2023 01:42:12 GMT" time="5.540" errors="0">
  <testcase name="login" time="5.540" classname="com.sauce.testCases.SauceCompleteTest"/>
</testsuite> <!-- com.sauce.testCases.SauceCompleteTest -->
