<?xml version="1.0" encoding="UTF-8"?>
<!-- Generated by org.testng.reporters.JUnitReportReporter -->
<testsuite skipped="0" hostname="DESKTOP-R5U0RRK" name="com.sauce.testCases.SauceInformationTest" tests="1" failures="0" timestamp="22 Feb 2023 01:28:13 GMT" time="9.888" errors="0">
  <testcase name="login" time="9.888" classname="com.sauce.testCases.SauceInformationTest"/>
</testsuite> <!-- com.sauce.testCases.SauceInformationTest -->
