<?xml version="1.0" encoding="UTF-8"?>
<!-- Generated by org.testng.reporters.JUnitReportReporter -->
<testsuite skipped="0" hostname="DESKTOP-R5U0RRK" name="com.sauce.testCases.LoginTest" tests="1" failures="0" timestamp="20 Feb 2023 00:50:44 GMT" time="1.846" errors="0">
  <testcase name="verifyLogin" time="1.846" classname="com.sauce.testCases.LoginTest"/>
</testsuite> <!-- com.sauce.testCases.LoginTest -->
