<?xml version="1.0" encoding="UTF-8"?>
<!-- Generated by org.testng.reporters.JUnitReportReporter -->
<testsuite skipped="0" hostname="DESKTOP-R5U0RRK" name="com.sauce.testCases.SauceCartTest" tests="1" failures="0" timestamp="22 Feb 2023 01:17:17 GMT" time="5.447" errors="0">
  <testcase name="login" time="5.447" classname="com.sauce.testCases.SauceCartTest"/>
</testsuite> <!-- com.sauce.testCases.SauceCartTest -->
