<?xml version="1.0" encoding="UTF-8"?>
<!-- Generated by org.testng.reporters.JUnitReportReporter -->
<testsuite skipped="0" hostname="DESKTOP-R5U0RRK" name="com.sauce.testCases.Sauce_Final_Test" tests="1" failures="0" timestamp="24 Feb 2023 01:04:55 GMT" time="8.264" errors="0">
  <testcase name="login" time="8.264" classname="com.sauce.testCases.Sauce_Final_Test"/>
</testsuite> <!-- com.sauce.testCases.Sauce_Final_Test -->
