<?xml version="1.0" encoding="UTF-8"?>
<!-- Generated by org.testng.reporters.JUnitReportReporter -->
<testsuite hostname="DESKTOP-R5U0RRK" failures="0" tests="1" name="com.sauce.testCases.Sauce_Final_Test" time="3.918" errors="0" timestamp="2023-02-25T07:15:17 IST" skipped="0">
  <testcase classname="com.sauce.testCases.Sauce_Final_Test" name="login" time="3.918"/>
  <system-out/>
</testsuite> <!-- com.sauce.testCases.Sauce_Final_Test -->
